mktextfm ecrm1000
mktextfm ecrm1440
mktextfm ecrm0700
mktextfm ecrm2488
mktextfm ecrm1728
mktextfm ecbx1440
mktextfm ecbx0700
mktextfm ecbx2488
mktextfm ecrm2074
mktextfm ecbx2074
mktextfm ecbx1000
mktextfm ecrm1200
mktextfm ecbx1200
mktextfm ecrm0800
mktextfm ecrm0600
mktextfm ecss0800
mktextfm ecti1000
mktextfm pcrr8t
mktextfm pcrro8t
mktextfm nullfont
mktextfm pcrb8t
mktextfm nullfont
mktextfm ecrm1000
mktextfm ecrm1440
mktextfm ecrm0700
mktextfm ecrm2488
mktextfm ecrm1728
mktextfm ecbx1440
mktextfm ecbx0700
mktextfm ecbx2488
mktextfm ecbx1000
mktextfm ecrm2074
mktextfm ecbx2074
mktextfm ecrm1200
mktextfm ecbx1200
mktextfm ecrm0800
mktextfm ecrm0600
mktextfm ecss0800
mktextfm ecti1000
mktextfm pcrr8t
mktextfm pcrro8t
mktextfm nullfont
mktextfm pcrb8t
mktextfm nullfont
