\BOOKMARK [0][-]{chapter*.1}{Abstract}{}% 1
\BOOKMARK [0][-]{chapter.1}{1 Introduction}{}% 2
\BOOKMARK [1][-]{section.1.1}{1.1 Crowd Sensing}{chapter.1}% 3
\BOOKMARK [1][-]{section.1.2}{1.2 Accelerometers}{chapter.1}% 4
\BOOKMARK [1][-]{section.1.3}{1.3 Accelerometer in crowd sensing applications}{chapter.1}% 5
\BOOKMARK [0][-]{chapter.2}{2 Related Work}{}% 6
\BOOKMARK [1][-]{section.2.1}{2.1 Crowd Sensing}{chapter.2}% 7
\BOOKMARK [1][-]{section.2.2}{2.2 Accelerometers}{chapter.2}% 8
\BOOKMARK [0][-]{chapter.3}{3 Experimental analysis}{}% 9
\BOOKMARK [1][-]{section.3.1}{3.1 Simulating a crowd sensing campaign}{chapter.3}% 10
\BOOKMARK [2][-]{subsection.3.1.1}{3.1.1 Use cases}{section.3.1}% 11
\BOOKMARK [1][-]{section.3.2}{3.2 Accelerometers}{chapter.3}% 12
\BOOKMARK [2][-]{subsection.3.2.1}{3.2.1 Use case}{section.3.2}% 13
\BOOKMARK [2][-]{subsection.3.2.2}{3.2.2 Data acquizition}{section.3.2}% 14
\BOOKMARK [2][-]{subsection.3.2.3}{3.2.3 Gesture recognition}{section.3.2}% 15
\BOOKMARK [2][-]{subsection.3.2.4}{3.2.4 Testing}{section.3.2}% 16
\BOOKMARK [0][-]{chapter.4}{4 Experimental results}{}% 17
\BOOKMARK [1][-]{section.4.1}{4.1 Simulating a crowd sensing campaign}{chapter.4}% 18
\BOOKMARK [2][-]{subsection.4.1.1}{4.1.1 Discution}{section.4.1}% 19
\BOOKMARK [1][-]{section.4.2}{4.2 Accelerometers}{chapter.4}% 20
\BOOKMARK [0][-]{chapter.5}{5 Conclusion and future work}{}% 21
